1543097666659	mozrunner::runner	INFO	Running command: "C:\\Program Files\\Mozilla Firefox\\firefox.exe" "-marionette" "-foreground" "-no-remote" "-profile" "C:\\Users\\james\\AppData\\Local\\Temp\\rust_mozprofile.dWE66AqZjZ2C"
1543097668647	Marionette	INFO	Listening on port 62681
1543097668773	Marionette	WARN	TLS certificate errors will be ignored for this session
console.error: BroadcastService: 
  receivedBroadcastMessage: handler for
  remote-settings/monitor_changes
  threw error:
  Message: Error: Polling for changes failed: NetworkError when attempting to fetch resource..
  Stack:
    remoteSettingsFunction/remoteSettings.pollChanges@resource://services-settings/remote-settings.js:721:13

JavaScript error: https://mafiamatrix.com/loggedin.asp, line 64: ReferenceError: tick is not defined
[Parent 6296, Gecko_IOThread] WARNING: pipe error: 109: file z:/build/build/src/ipc/chromium/src/chrome/common/ipc_channel_win.cc, line 346
[Parent 6296, Gecko_IOThread] WARNING: pipe error: 109: file z:/build/build/src/ipc/chromium/src/chrome/common/ipc_channel_win.cc, line 346
[Parent 6296, Gecko_IOThread] WARNING: pipe error: 109: file z:/build/build/src/ipc/chromium/src/chrome/common/ipc_channel_win.cc, line 346
[Child 6264, Chrome_ChildThread] WARNING: pipe error: 109: file z:/build/build/src[Child 7804, Chrome_Child/Threadipc/chromium/src/chrome/comm] WARNING: pipe error: 109: file z:/buion/ipc_channel_win.cc, linld/build/src/ipc/chroemium/src/chrome/co 346
mmon/[Child 6264, ipc_channel_win.cc, line 346
[Child 78[Child 3716, Chrome_ChildThread] WARNING: pipe error: 109: file z:/build/build/src/ipc/chromium/src/chrome/common/ipc_channel_win.cc, line 346
[Child 3711543098125481	Marionette	INFO	Stopped listening on port 62681

###!!! [Child][RunMessage] Error: Channel closing: too late to send/recv, messages will be lost

[GPU 11204, Chrome
###!!! [Child][MessageChannel::SendAndWait] Error: Channel error: cannot send/recv

